[19:00:08] [main/INFO]: Loading for game Minecraft 1.16.5
[19:00:09] [ForkJoinPool-1-worker-2/WARN]: The mod "autoconfig1u" contains invalid entries in its mod json:
- Unsupported root entry "$schema" at line 2 column 14
[19:00:09] [main/INFO]: [FabricLoader] Loading 75 mods: com_google_code_findbugs_jsr305@3.0.2, fabric-renderer-api-v1@0.4.1+ca58154a7d, fabric-keybindings-v0@0.2.1+ca58154a7d, fabricloader@0.11.1, org_apache_commons_commons-collections4@4.1, com_fasterxml_jackson_core_jackson-annotations@2.10.1, fabric-structure-api-v1@1.1.4+ca58154a7d, fabric-containers-v0@0.1.10+ca58154a7d, fabric-dimensions-v1@2.0.2+ca58154a7d, fabric-object-builder-api-v1@1.9.3+ca58154a7d, java@8, com_squareup_okio_okio@1.17.2, fabric-game-rule-api-v1@1.0.6+ca58154a7d, fabric-api-base@0.2.0+daa38b3d7d, fabric-tpa@1.4.1, fabric-rendering-data-attachment-v1@0.1.5+ca58154a7d, fabric-textures-v0@1.0.6+ca58154a7d, disfabric@1.2.3, fabric-rendering-fluids-v1@0.1.13+ca58154a7d, com_fasterxml_jackson_core_jackson-databind@2.10.1, com_neovisionaries_nv-websocket-client@2.10, fabric-blockrenderlayer-v1@1.1.5+ca58154a7d, fabric-lifecycle-events-v1@1.2.1+ca58154a7d, net_sf_trove4j_trove4j@3.0.3, fabric-renderer-registries-v1@2.2.1+ca58154a7d, fabric-loot-tables-v1@1.0.2+ca58154a7d, com_fasterxml_jackson_core_jackson-core@2.10.1, org_slf4j_slf4j-api@1.7.25, fabric@0.30.0+1.16, fabric-particles-v1@0.2.4+ca58154a7d, fabric-networking-v0@0.3.2+ca58154a7d, org_apache_httpcomponents_httpmime@4.5.2, fabric-networking-blockentity-v0@0.2.8+ca58154a7d, fabric-screen-handler-api-v1@1.1.1+ca58154a7d, minecraft@1.16.5, org_apache_httpcomponents_httpcore@4.4.4, org_apache_httpcomponents_httpcore-nio@4.4.4, cloth-basic-math@0.5.1, fabric-command-api-v1@1.0.10+ca58154a7d, org_apache_httpcomponents_httpasyncclient@4.1.1, com_mashape_unirest_unirest-java@1.4.9, fabric-screen-api-v1@1.0.0+c045166c7d, fabric-tool-attribute-api-v1@1.2.6+ca58154a7d, fabric-renderer-indigo@0.4.4+ca58154a7d, commons-logging_commons-logging@1.2, fabric-crash-report-info-v1@0.1.3+ca58154a7d, fabric-events-interaction-v0@0.4.2+ca58154a7d, fabric-item-api-v1@1.2.1+ca58154a7d, net_dv8tion_jda@4.2.0_182, fabric-entity-events-v1@1.0.3+ca58154a7d, fabric-rendering-v0@1.1.2+ca58154a7d, fabric-key-binding-api-v1@1.0.2+ca58154a7d, fabric-rendering-v1@1.5.1+ca58154a7d, cloth-config2@4.6.0, autoconfig1u@3.2.0-unstable, fabric-resource-loader-v0@0.4.2+ca58154a7d, commons-codec_commons-codec@1.9, org_json_json@20160212, fabric-content-registries-v0@0.2.1+ca58154a7d, fabric-tag-extensions-v0@1.1.1+ca58154a7d, fabric-biome-api-v1@3.1.1+ca58154a7d, fabric-commands-v0@0.2.2+ca58154a7d, fabric-registry-sync-v0@0.7.4+ca58154a7d, org_apache_httpcomponents_httpclient@4.5.1, com_squareup_okhttp3_okhttp@3.13.0, fabric-mining-levels-v0@0.1.3+ca58154a7d, fabric-networking-api-v1@1.0.1+ca58154a7d, fabric-events-lifecycle-v0@0.2.1+ca58154a7d, fabric-item-groups-v0@0.2.3+ca58154a7d, fabric-models-v0@0.2.1+ca58154a7d, geyser-fabric@1.0-SNAPSHOT, org_apache_logging_log4j_log4j-slf4j-impl@2.8.1, fabric-object-builders-v0@0.7.2+ca58154a7d, fabrictailor@1.4.0-1.16.4, org_jetbrains_annotations@16.0.1
[19:00:09] [main/WARN]: Mod `net_dv8tion_jda` (4.2.0_182) does not respect SemVer - comparison support is limited.
[19:00:09] [main/INFO]: SpongePowered MIXIN Subsystem Version=0.8.2 Source=file:/C:/Users/user/Documents/servbhserv/fabric-server-launch.jar Service=Knot/Fabric Env=SERVER
[19:00:21] [main/INFO]: Initializing...
[19:00:30] [main/ERROR]: Unable to login!
javax.security.auth.login.LoginException: The provided token is invalid!
	at net.dv8tion.jda.internal.JDAImpl.verifyToken(JDAImpl.java:365) ~[5827d3e0-1d35-40cc-b8e1-72acd76be486.jar:?]
	at net.dv8tion.jda.internal.JDAImpl.login(JDAImpl.java:282) ~[5827d3e0-1d35-40cc-b8e1-72acd76be486.jar:?]
	at net.dv8tion.jda.internal.JDAImpl.login(JDAImpl.java:249) ~[5827d3e0-1d35-40cc-b8e1-72acd76be486.jar:?]
	at net.dv8tion.jda.api.JDABuilder.build(JDABuilder.java:1869) ~[5827d3e0-1d35-40cc-b8e1-72acd76be486.jar:?]
	at br.com.brforgers.mods.disfabric.DisFabric.onInitializeServer(DisFabric.java:47) ~[disfabric-1.16.4-1.2.3.jar:?]
	at net.fabricmc.loader.entrypoint.minecraft.hooks.EntrypointUtils.invoke0(EntrypointUtils.java:50) [fabric-server-launch.jar:?]
	at net.fabricmc.loader.entrypoint.minecraft.hooks.EntrypointUtils.invoke(EntrypointUtils.java:36) [fabric-server-launch.jar:?]
	at net.fabricmc.loader.entrypoint.minecraft.hooks.EntrypointServer.start(EntrypointServer.java:33) [fabric-server-launch.jar:?]
	at net.minecraft.server.Main.main(Main.java:92) [intermediary-server.jar:?]
	at sun.reflect.NativeMethodAccessorImpl.invoke0(Native Method) ~[?:1.8.0_281]
	at sun.reflect.NativeMethodAccessorImpl.invoke(Unknown Source) ~[?:1.8.0_281]
	at sun.reflect.DelegatingMethodAccessorImpl.invoke(Unknown Source) ~[?:1.8.0_281]
	at java.lang.reflect.Method.invoke(Unknown Source) ~[?:1.8.0_281]
	at net.fabricmc.loader.game.MinecraftGameProvider.launch(MinecraftGameProvider.java:226) [fabric-server-launch.jar:?]
	at net.fabricmc.loader.launch.knot.Knot.init(Knot.java:139) [fabric-server-launch.jar:?]
	at net.fabricmc.loader.launch.knot.KnotServer.main(KnotServer.java:27) [fabric-server-launch.jar:?]
	at sun.reflect.NativeMethodAccessorImpl.invoke0(Native Method) ~[?:1.8.0_281]
	at sun.reflect.NativeMethodAccessorImpl.invoke(Unknown Source) ~[?:1.8.0_281]
	at sun.reflect.DelegatingMethodAccessorImpl.invoke(Unknown Source) ~[?:1.8.0_281]
	at java.lang.reflect.Method.invoke(Unknown Source) ~[?:1.8.0_281]
	at net.fabricmc.loader.launch.server.FabricServerLauncher.launch(FabricServerLauncher.java:62) [fabric-server-launch.jar:?]
	at net.fabricmc.loader.launch.server.FabricServerLauncher.setup(FabricServerLauncher.java:106) [fabric-server-launch.jar:?]
	at net.fabricmc.loader.launch.server.FabricServerLauncher.main(FabricServerLauncher.java:50) [fabric-server-launch.jar:?]
[19:00:31] [main/INFO]: Environment: authHost='https://authserver.mojang.com', accountsHost='https://api.mojang.com', sessionHost='https://sessionserver.mojang.com', servicesHost='https://api.minecraftservices.com', name='PROD'
[19:00:32] [main/INFO]: DisFabric will now try to load modded language files.
[19:00:32] [main/INFO]: Successfully loaded /assets/autoconfig1u/lang/en_us.json
[19:00:32] [main/INFO]: Successfully loaded /assets/fabrictailor/lang/en_us.json
[19:00:32] [main/INFO]: DisFabric loaded 2 modded language files.
[19:00:33] [main/WARN]: Ambiguity between arguments [teleport, destination] and [teleport, targets] with inputs: [Player, 0123, @e, dd12be42-52a9-4a91-a8a1-11c01849e498]
[19:00:33] [main/WARN]: Ambiguity between arguments [teleport, location] and [teleport, destination] with inputs: [0.1 -0.5 .9, 0 0 0]
[19:00:33] [main/WARN]: Ambiguity between arguments [teleport, location] and [teleport, targets] with inputs: [0.1 -0.5 .9, 0 0 0]
[19:00:33] [main/WARN]: Ambiguity between arguments [teleport, targets] and [teleport, destination] with inputs: [Player, 0123, dd12be42-52a9-4a91-a8a1-11c01849e498]
[19:00:33] [main/WARN]: Ambiguity between arguments [teleport, targets, location] and [teleport, targets, destination] with inputs: [0.1 -0.5 .9, 0 0 0]
[19:00:33] [main/INFO]: Reloading ResourceManager: Default, Fabric Mods (Fabric Tool Attribute API (v1))
[19:00:36] [Worker-Main-10/INFO]: Loaded 7 recipes
[19:00:37] [Worker-Main-10/INFO]: Loaded 927 advancements
[19:00:39] [main/INFO]: Applied 0 biome modifications to 0 of 79 new biomes in 3.185 ms
[19:00:39] [Server thread/INFO]: Starting minecraft server version 1.16.5
[19:00:39] [Server thread/INFO]: Loading properties
[19:00:39] [Server thread/INFO]: Default game type: SURVIVAL
[19:00:39] [Server thread/INFO]: Generating keypair
[19:00:39] [Server thread/INFO]: Starting Minecraft server on *:25565
[19:00:39] [Server thread/INFO]: Using default channel type
[19:00:41] [Server thread/WARN]: **** SERVER IS RUNNING IN OFFLINE/INSECURE MODE!
[19:00:41] [Server thread/WARN]: The server will make no attempt to authenticate usernames. Beware.
[19:00:41] [Server thread/WARN]: While this makes the game possible to play without internet access, it also opens up the ability for hackers to connect with any username they choose.
[19:00:41] [Server thread/WARN]: To change this, set "online-mode" to "true" in the server.properties file.
[19:00:41] [Server thread/INFO]: Preparing level "world"
[19:00:52] [Server thread/INFO]: Preparing start region for dimension minecraft:overworld
[19:00:52] [Worker-Main-11/INFO]: Preparing spawn area: 0%
[19:00:53] [Worker-Main-6/INFO]: Preparing spawn area: 0%
[19:00:53] [Worker-Main-8/INFO]: Preparing spawn area: 0%
[19:00:54] [Worker-Main-9/INFO]: Preparing spawn area: 0%
[19:00:54] [Worker-Main-7/INFO]: Preparing spawn area: 0%
[19:00:54] [Worker-Main-11/INFO]: Preparing spawn area: 0%
[19:00:55] [Worker-Main-6/INFO]: Preparing spawn area: 0%
[19:00:55] [Worker-Main-6/INFO]: Preparing spawn area: 1%
[19:00:56] [Worker-Main-11/INFO]: Preparing spawn area: 1%
[19:00:56] [Worker-Main-9/INFO]: Preparing spawn area: 2%
[19:00:57] [Worker-Main-6/INFO]: Preparing spawn area: 2%
[19:00:57] [Worker-Main-8/INFO]: Preparing spawn area: 3%
[19:00:58] [Worker-Main-6/INFO]: Preparing spawn area: 5%
[19:00:59] [Worker-Main-11/INFO]: Preparing spawn area: 5%
[19:00:59] [Worker-Main-6/INFO]: Preparing spawn area: 5%
[19:00:59] [Worker-Main-7/INFO]: Preparing spawn area: 5%
[19:01:00] [Worker-Main-6/INFO]: Preparing spawn area: 5%
[19:01:00] [Worker-Main-7/INFO]: Preparing spawn area: 9%
[19:01:01] [Worker-Main-7/INFO]: Preparing spawn area: 9%
[19:01:01] [Worker-Main-9/INFO]: Preparing spawn area: 9%
[19:01:02] [Worker-Main-7/INFO]: Preparing spawn area: 9%
[19:01:02] [Worker-Main-11/INFO]: Preparing spawn area: 9%
[19:01:03] [Worker-Main-7/INFO]: Preparing spawn area: 9%
[19:01:03] [Worker-Main-7/INFO]: Preparing spawn area: 9%
[19:01:04] [Worker-Main-8/INFO]: Preparing spawn area: 9%
[19:01:04] [Worker-Main-6/INFO]: Preparing spawn area: 15%
[19:01:05] [Worker-Main-8/INFO]: Preparing spawn area: 15%
[19:01:05] [Worker-Main-8/INFO]: Preparing spawn area: 15%
[19:01:06] [Worker-Main-6/INFO]: Preparing spawn area: 15%
[19:01:06] [Worker-Main-9/INFO]: Preparing spawn area: 15%
[19:01:07] [Worker-Main-7/INFO]: Preparing spawn area: 15%
[19:01:07] [Worker-Main-6/INFO]: Preparing spawn area: 15%
[19:01:08] [Worker-Main-6/INFO]: Preparing spawn area: 15%
[19:01:08] [Worker-Main-8/INFO]: Preparing spawn area: 22%
[19:01:09] [Worker-Main-6/INFO]: Preparing spawn area: 22%
[19:01:09] [Worker-Main-11/INFO]: Preparing spawn area: 22%
[19:01:10] [Worker-Main-11/INFO]: Preparing spawn area: 22%
[19:01:10] [Worker-Main-8/INFO]: Preparing spawn area: 22%
[19:01:11] [Worker-Main-6/INFO]: Preparing spawn area: 22%
[19:01:11] [Worker-Main-9/INFO]: Preparing spawn area: 22%
[19:01:12] [Worker-Main-8/INFO]: Preparing spawn area: 27%
[19:01:12] [Worker-Main-6/INFO]: Preparing spawn area: 27%
[19:01:13] [Worker-Main-7/INFO]: Preparing spawn area: 27%
[19:01:13] [Worker-Main-8/INFO]: Preparing spawn area: 32%
[19:01:14] [Worker-Main-7/INFO]: Preparing spawn area: 33%
[19:01:14] [Worker-Main-8/INFO]: Preparing spawn area: 34%
[19:01:15] [Worker-Main-8/INFO]: Preparing spawn area: 34%
[19:01:16] [Worker-Main-6/INFO]: Preparing spawn area: 34%
[19:01:16] [Worker-Main-11/INFO]: Preparing spawn area: 39%
[19:01:18] [Worker-Main-11/INFO]: Preparing spawn area: 40%
[19:01:18] [Worker-Main-9/INFO]: Preparing spawn area: 40%
[19:01:18] [Worker-Main-11/INFO]: Preparing spawn area: 40%
[19:01:18] [Worker-Main-11/INFO]: Preparing spawn area: 40%
[19:01:19] [Worker-Main-6/INFO]: Preparing spawn area: 47%
[19:01:19] [Worker-Main-7/INFO]: Preparing spawn area: 48%
[19:01:20] [Worker-Main-8/INFO]: Preparing spawn area: 49%
[19:01:20] [Worker-Main-8/INFO]: Preparing spawn area: 49%
[19:01:20] [Worker-Main-6/INFO]: Preparing spawn area: 53%
[19:01:22] [Worker-Main-6/INFO]: Preparing spawn area: 54%
[19:01:22] [Worker-Main-7/INFO]: Preparing spawn area: 54%
[19:01:22] [Worker-Main-8/INFO]: Preparing spawn area: 57%
[19:01:22] [Worker-Main-8/INFO]: Preparing spawn area: 58%
[19:01:23] [Worker-Main-9/INFO]: Preparing spawn area: 59%
[19:01:26] [Worker-Main-11/INFO]: Preparing spawn area: 60%
[19:01:26] [Worker-Main-6/INFO]: Preparing spawn area: 60%
[19:01:26] [Worker-Main-6/INFO]: Preparing spawn area: 60%
[19:01:26] [Worker-Main-7/INFO]: Preparing spawn area: 60%
[19:01:26] [Worker-Main-9/INFO]: Preparing spawn area: 60%
[19:01:26] [Worker-Main-6/INFO]: Preparing spawn area: 67%
[19:01:28] [Worker-Main-7/INFO]: Preparing spawn area: 69%
[19:01:28] [Worker-Main-9/INFO]: Preparing spawn area: 69%
[19:01:28] [Worker-Main-8/INFO]: Preparing spawn area: 69%
[19:01:28] [Worker-Main-11/INFO]: Preparing spawn area: 69%
[19:01:28] [Worker-Main-8/INFO]: Preparing spawn area: 73%
[19:01:31] [Worker-Main-8/INFO]: Preparing spawn area: 75%
[19:01:31] [Worker-Main-8/INFO]: Preparing spawn area: 75%
[19:01:31] [Worker-Main-9/INFO]: Preparing spawn area: 75%
[19:01:31] [Worker-Main-7/INFO]: Preparing spawn area: 75%
[19:01:31] [Worker-Main-7/INFO]: Preparing spawn area: 75%
[19:01:32] [Worker-Main-7/INFO]: Preparing spawn area: 82%
[19:01:32] [Worker-Main-6/INFO]: Preparing spawn area: 83%
[19:01:32] [Worker-Main-11/INFO]: Preparing spawn area: 85%
[19:01:33] [Worker-Main-9/INFO]: Preparing spawn area: 85%
[19:01:33] [Worker-Main-6/INFO]: Preparing spawn area: 87%
[19:01:35] [Worker-Main-8/INFO]: Preparing spawn area: 87%
[19:01:35] [Worker-Main-8/INFO]: Preparing spawn area: 87%
[19:01:35] [Worker-Main-6/INFO]: Preparing spawn area: 87%
[19:01:36] [Worker-Main-11/INFO]: Preparing spawn area: 93%
[19:01:36] [Worker-Main-11/INFO]: Preparing spawn area: 93%
[19:01:37] [Worker-Main-8/INFO]: Preparing spawn area: 96%
[19:01:38] [Worker-Main-6/INFO]: Preparing spawn area: 97%
[19:01:38] [Worker-Main-8/INFO]: Preparing spawn area: 97%
[19:01:38] [Server thread/INFO]: Time elapsed: 45577 ms
[19:01:38] [Server thread/INFO]: Done (56.060s)! For help, type "help"
[19:01:38] [Server thread/INFO]: Starting GS4 status listener
[19:01:38] [Server thread/INFO]: Thread Query Listener started
[19:01:38] [Query Listener #1/INFO]: Query running on 0.0.0.0:25565
[19:01:38] [Server thread/INFO]: ******************************************
[19:01:38] [Server thread/INFO]: 
[19:01:38] [Server thread/INFO]: Loading Geyser version 1.2.0-SNAPSHOT (git-master-98b2a0e)
[19:01:38] [Server thread/INFO]: 
[19:01:38] [Server thread/INFO]: ******************************************
[19:01:38] [Server thread/INFO]: Reflections took 252 ms to scan 1 urls, producing 33 keys and 358 values 
[19:01:39] [Server thread/INFO]: Reflections took 34 ms to scan 1 urls, producing 7 keys and 36 values 
[19:01:39] [Server thread/INFO]: Reflections took 24 ms to scan 1 urls, producing 7 keys and 36 values 
[19:01:40] [Server thread/INFO]: Reflections took 30 ms to scan 1 urls, producing 6 keys and 35 values 
[19:01:40] [Server thread/INFO]: Reflections took 22 ms to scan 1 urls, producing 2 keys and 14 values 
[19:01:41] [Server thread/INFO]: Downloading Minecraft JAR to extract en_us locale, please wait... (this may take some time depending on the speed of your internet connection)
[19:01:50] [Server thread/INFO]: Reflections took 21 ms to scan 1 urls, producing 6 keys and 20 values 
[19:01:50] [Network Listener - #1/INFO]: Started Geyser on 0.0.0.0:19132
[19:01:50] [Server thread/INFO]: Done (12.427s)! Run /geyser help for help!
[19:01:50] [Server thread/WARN]: Can't keep up! Is the server overloaded? Running 12461ms or 249 ticks behind
